-------------------------------------------------------------------------------
Test set: vn.fs.techhalo_BackendApplicationTests
-------------------------------------------------------------------------------
Tests run: 1, Failures: 0, Errors: 1, Skipped: 0, Time elapsed: 4.132 s <<< FAILURE! - in vn.fs.techhalo_BackendApplicationTests
contextLoads  Time elapsed: 0.009 s  <<< ERROR!
java.lang.IllegalStateException: Failed to load ApplicationContext
Caused by: org.springframework.beans.factory.BeanCreationException: Error creating bean with name 'entityManagerFactory' defined in class path resource [org/springframework/boot/autoconfigure/orm/jpa/HibernateJpaConfiguration.class]: Invocation of init method failed; nested exception is org.hibernate.AnnotationException: mappedBy reference an unknown target entity property: vn.fs.entity.Product.promotionCodes in vn.fs.entity.PromotionCode.products
Caused by: org.hibernate.AnnotationException: mappedBy reference an unknown target entity property: vn.fs.entity.Product.promotionCodes in vn.fs.entity.PromotionCode.products

